/home/trademark/Documents/boost/boost-sandbox/SOC/2011/checks/boost/checks/ean.hpp:70: warning: argument 'check_seq' of command @param is not found in the argument list of boost::checks::check_ean13(const check_range &x)
/home/trademark/Documents/boost/boost-sandbox/SOC/2011/checks/boost/checks/ean.hpp:70: warning: The following parameters of boost::checks::check_ean13(const check_range &x) are not documented:
  parameter 'x'
/home/trademark/Documents/boost/boost-sandbox/SOC/2011/checks/boost/checks/ean.hpp:117: warning: argument 'check_seq' of command @param is not found in the argument list of boost::checks::check_ean8(const check_range &x)
/home/trademark/Documents/boost/boost-sandbox/SOC/2011/checks/boost/checks/ean.hpp:117: warning: The following parameters of boost::checks::check_ean8(const check_range &x) are not documented:
  parameter 'x'
/home/trademark/Documents/boost/boost-sandbox/SOC/2011/checks/boost/checks/isbn.hpp:94: warning: argument 'check_seq' of command @param is not found in the argument list of boost::checks::check_isbn10(const range &x)
/home/trademark/Documents/boost/boost-sandbox/SOC/2011/checks/boost/checks/isbn.hpp:94: warning: The following parameters of boost::checks::check_isbn10(const range &x) are not documented:
  parameter 'x'
/home/trademark/Documents/boost/boost-sandbox/SOC/2011/checks/boost/checks/isbn.hpp:41: warning: argument 'check_seq' of command @param is not found in the argument list of boost::checks::check_isbn13(const range &x)
/home/trademark/Documents/boost/boost-sandbox/SOC/2011/checks/boost/checks/isbn.hpp:41: warning: The following parameters of boost::checks::check_isbn13(const range &x) are not documented:
  parameter 'x'
/home/trademark/Documents/boost/boost-sandbox/SOC/2011/checks/boost/checks/basic_checks.hpp:62: warning: argument 'check_seq' of command @param is not found in the argument list of boost::checks::check_sequence(const range &x)
/home/trademark/Documents/boost/boost-sandbox/SOC/2011/checks/boost/checks/basic_checks.hpp:62: warning: The following parameters of boost::checks::check_sequence(const range &x) are not documented:
  parameter 'x'
/home/trademark/Documents/boost/boost-sandbox/SOC/2011/checks/boost/checks/basic_checks.hpp:91: warning: argument 'check_seq' of command @param is not found in the argument list of boost::checks::compute_checkdigit(const range &x)
/home/trademark/Documents/boost/boost-sandbox/SOC/2011/checks/boost/checks/basic_checks.hpp:91: warning: The following parameters of boost::checks::compute_checkdigit(const range &x) are not documented:
  parameter 'x'
/home/trademark/Documents/boost/boost-sandbox/SOC/2011/checks/boost/checks/basic_checks.hpp:30: warning: argument 'seq_begin' of command @param is not found in the argument list of boost::checks::compute_checksum(iterator begin, iterator end, counter_iter &counter)
/home/trademark/Documents/boost/boost-sandbox/SOC/2011/checks/boost/checks/basic_checks.hpp:30: warning: argument 'seq_end' of command @param is not found in the argument list of boost::checks::compute_checksum(iterator begin, iterator end, counter_iter &counter)
/home/trademark/Documents/boost/boost-sandbox/SOC/2011/checks/boost/checks/basic_checks.hpp:30: warning: The following parameters of boost::checks::compute_checksum(iterator begin, iterator end, counter_iter &counter) are not documented:
  parameter 'begin'
  parameter 'end'
  parameter 'counter'
/home/trademark/Documents/boost/boost-sandbox/SOC/2011/checks/boost/checks/ean.hpp:93: warning: argument 'check_seq' of command @param is not found in the argument list of boost::checks::compute_ean13(const check_range &x)
/home/trademark/Documents/boost/boost-sandbox/SOC/2011/checks/boost/checks/ean.hpp:93: warning: The following parameters of boost::checks::compute_ean13(const check_range &x) are not documented:
  parameter 'x'
/home/trademark/Documents/boost/boost-sandbox/SOC/2011/checks/boost/checks/ean.hpp:140: warning: argument 'check_seq' of command @param is not found in the argument list of boost::checks::compute_ean8(const check_range &x)
/home/trademark/Documents/boost/boost-sandbox/SOC/2011/checks/boost/checks/ean.hpp:140: warning: The following parameters of boost::checks::compute_ean8(const check_range &x) are not documented:
  parameter 'x'
/home/trademark/Documents/boost/boost-sandbox/SOC/2011/checks/boost/checks/isbn.hpp:118: warning: argument 'check_seq' of command @param is not found in the argument list of boost::checks::compute_isbn10(const range &x)
/home/trademark/Documents/boost/boost-sandbox/SOC/2011/checks/boost/checks/isbn.hpp:118: warning: The following parameters of boost::checks::compute_isbn10(const range &x) are not documented:
  parameter 'x'
/home/trademark/Documents/boost/boost-sandbox/SOC/2011/checks/boost/checks/isbn.hpp:64: warning: argument 'check_seq' of command @param is not found in the argument list of boost::checks::compute_isbn13(const range &x)
/home/trademark/Documents/boost/boost-sandbox/SOC/2011/checks/boost/checks/isbn.hpp:64: warning: The following parameters of boost::checks::compute_isbn13(const range &x) are not documented:
  parameter 'x'
/home/trademark/Documents/boost/boost-sandbox/SOC/2011/checks/boost/checks/mastercard.hpp:66: warning: argument 'check_seq' of command @param is not found in the argument list of boost::checks::compute_mastercard(const check_range &x)
/home/trademark/Documents/boost/boost-sandbox/SOC/2011/checks/boost/checks/mastercard.hpp:66: warning: The following parameters of boost::checks::compute_mastercard(const check_range &x) are not documented:
  parameter 'x'
