Project logo 'Proposed_for_Boost.png' specified by PROJECT_LOGO does not exist!
/home/trademark/Boost/boost-sandbox/SOC/2011/checks/boost/checkdigit/ean.hpp:69: warning: argument 'check_seq' of command @param is not found in the argument list of boost::checkdigit::check_ean13(const check_range &x)
/home/trademark/Boost/boost-sandbox/SOC/2011/checks/boost/checkdigit/ean.hpp:69: warning: The following parameters of boost::checkdigit::check_ean13(const check_range &x) are not documented:
  parameter 'x'
/home/trademark/Boost/boost-sandbox/SOC/2011/checks/boost/checkdigit/ean.hpp:116: warning: argument 'check_seq' of command @param is not found in the argument list of boost::checkdigit::check_ean8(const check_range &x)
/home/trademark/Boost/boost-sandbox/SOC/2011/checks/boost/checkdigit/ean.hpp:116: warning: The following parameters of boost::checkdigit::check_ean8(const check_range &x) are not documented:
  parameter 'x'
/home/trademark/Boost/boost-sandbox/SOC/2011/checks/boost/checkdigit/isbn.hpp:93: warning: argument 'check_seq' of command @param is not found in the argument list of boost::checkdigit::check_isbn10(const range &x)
/home/trademark/Boost/boost-sandbox/SOC/2011/checks/boost/checkdigit/isbn.hpp:93: warning: The following parameters of boost::checkdigit::check_isbn10(const range &x) are not documented:
  parameter 'x'
/home/trademark/Boost/boost-sandbox/SOC/2011/checks/boost/checkdigit/isbn.hpp:40: warning: argument 'check_seq' of command @param is not found in the argument list of boost::checkdigit::check_isbn13(const range &x)
/home/trademark/Boost/boost-sandbox/SOC/2011/checks/boost/checkdigit/isbn.hpp:40: warning: The following parameters of boost::checkdigit::check_isbn13(const range &x) are not documented:
  parameter 'x'
/home/trademark/Boost/boost-sandbox/SOC/2011/checks/boost/checkdigit/mastercard.hpp:45: warning: explicit link request to 'MASTERCARD_SIZE' could not be resolved
/home/trademark/Boost/boost-sandbox/SOC/2011/checks/boost/checkdigit/basic_checks.hpp:61: warning: argument 'check_seq' of command @param is not found in the argument list of boost::checkdigit::check_sequence(const range &x)
/home/trademark/Boost/boost-sandbox/SOC/2011/checks/boost/checkdigit/basic_checks.hpp:61: warning: The following parameters of boost::checkdigit::check_sequence(const range &x) are not documented:
  parameter 'x'
/home/trademark/Boost/boost-sandbox/SOC/2011/checks/boost/checkdigit/basic_checks.hpp:89: warning: argument 'check_seq' of command @param is not found in the argument list of boost::checkdigit::compute_checkdigit(const range &x)
/home/trademark/Boost/boost-sandbox/SOC/2011/checks/boost/checkdigit/basic_checks.hpp:89: warning: The following parameters of boost::checkdigit::compute_checkdigit(const range &x) are not documented:
  parameter 'x'
/home/trademark/Boost/boost-sandbox/SOC/2011/checks/boost/checkdigit/basic_checks.hpp:29: warning: argument 'seq_begin' of command @param is not found in the argument list of boost::checkdigit::compute_checksum(iterator begin, iterator end, counter_iter &counter)
/home/trademark/Boost/boost-sandbox/SOC/2011/checks/boost/checkdigit/basic_checks.hpp:29: warning: argument 'seq_end' of command @param is not found in the argument list of boost::checkdigit::compute_checksum(iterator begin, iterator end, counter_iter &counter)
/home/trademark/Boost/boost-sandbox/SOC/2011/checks/boost/checkdigit/basic_checks.hpp:29: warning: The following parameters of boost::checkdigit::compute_checksum(iterator begin, iterator end, counter_iter &counter) are not documented:
  parameter 'begin'
  parameter 'end'
  parameter 'counter'
/home/trademark/Boost/boost-sandbox/SOC/2011/checks/boost/checkdigit/ean.hpp:92: warning: argument 'check_seq' of command @param is not found in the argument list of boost::checkdigit::compute_ean13(const check_range &x)
/home/trademark/Boost/boost-sandbox/SOC/2011/checks/boost/checkdigit/ean.hpp:92: warning: The following parameters of boost::checkdigit::compute_ean13(const check_range &x) are not documented:
  parameter 'x'
/home/trademark/Boost/boost-sandbox/SOC/2011/checks/boost/checkdigit/ean.hpp:139: warning: argument 'check_seq' of command @param is not found in the argument list of boost::checkdigit::compute_ean8(const check_range &x)
/home/trademark/Boost/boost-sandbox/SOC/2011/checks/boost/checkdigit/ean.hpp:139: warning: The following parameters of boost::checkdigit::compute_ean8(const check_range &x) are not documented:
  parameter 'x'
/home/trademark/Boost/boost-sandbox/SOC/2011/checks/boost/checkdigit/isbn.hpp:117: warning: argument 'check_seq' of command @param is not found in the argument list of boost::checkdigit::compute_isbn10(const range &x)
/home/trademark/Boost/boost-sandbox/SOC/2011/checks/boost/checkdigit/isbn.hpp:117: warning: The following parameters of boost::checkdigit::compute_isbn10(const range &x) are not documented:
  parameter 'x'
/home/trademark/Boost/boost-sandbox/SOC/2011/checks/boost/checkdigit/isbn.hpp:63: warning: argument 'check_seq' of command @param is not found in the argument list of boost::checkdigit::compute_isbn13(const range &x)
/home/trademark/Boost/boost-sandbox/SOC/2011/checks/boost/checkdigit/isbn.hpp:63: warning: The following parameters of boost::checkdigit::compute_isbn13(const range &x) are not documented:
  parameter 'x'
/home/trademark/Boost/boost-sandbox/SOC/2011/checks/boost/checkdigit/mastercard.hpp:65: warning: argument 'check_seq' of command @param is not found in the argument list of boost::checkdigit::compute_mastercard(const check_range &x)
/home/trademark/Boost/boost-sandbox/SOC/2011/checks/boost/checkdigit/mastercard.hpp:65: warning: The following parameters of boost::checkdigit::compute_mastercard(const check_range &x) are not documented:
  parameter 'x'
/home/trademark/Boost/boost-sandbox/SOC/2011/checks/boost/checkdigit/modulus97.hpp:151: warning: argument 'mod97_checkdigits' of command @param is not found in the argument list of boost::checkdigit::compute_mod97_10(const check_range &x)
/home/trademark/Boost/boost-sandbox/SOC/2011/checks/boost/checkdigit/modulus97.hpp:179: warning: argument 'mod97_checkdigits' of command @param is not found in the argument list of boost::checkdigit::compute_mod97_10(const check_range &x)
